<?xml version="1.0" encoding="UTF-8"?>
<!-- Generated by org.testng.reporters.JUnitXMLReporter -->
<testsuite hostname="Talehs-MBP.attlocal.net" ignored="0" name="Command line test" tests="3" failures="0" timestamp="2020-12-04T13:13:36 EST" time="5.109" errors="0">
  <testcase name="addNewDeckJokers" time="2.792" classname="deckofcardsapi.NewDeckofCardsTest"/>
  <testcase name="createNewDeck" time="0.48" classname="deckofcardsapi.NewDeckofCardsTest"/>
  <testcase name="drawFourCards" time="1.155" classname="deckofcardsapi.DrawCardsTest"/>
</testsuite> <!-- Command line test -->
